The system is: Linux - 6.6.62+rpt-rpi-v8 - aarch64
Compiling the C compiler identification source file "CMakeCCompilerId.c" succeeded.
Compiler: /usr/bin/clang 
Build flags: 
Id flags:  

The output was:
0


Compilation of the C compiler identification source "CMakeCCompilerId.c" produced "a.out"

The C compiler identification is Clang, found in "/home/admin/code/mylang/build/CMakeFiles/3.25.1/CompilerIdC/a.out"

Detecting C compiler ABI info compiled with the following output:
Change Dir: /home/admin/code/mylang/build/CMakeFiles/CMakeScratch/TryCompile-FgZku4

Run Build Command(s):/usr/bin/gmake -f Makefile cmTC_f57a6/fast && /usr/bin/gmake  -f CMakeFiles/cmTC_f57a6.dir/build.make CMakeFiles/cmTC_f57a6.dir/build
gmake[1]: Entering directory '/home/admin/code/mylang/build/CMakeFiles/CMakeScratch/TryCompile-FgZku4'
Building C object CMakeFiles/cmTC_f57a6.dir/CMakeCCompilerABI.c.o
/usr/bin/clang   -v -MD -MT CMakeFiles/cmTC_f57a6.dir/CMakeCCompilerABI.c.o -MF CMakeFiles/cmTC_f57a6.dir/CMakeCCompilerABI.c.o.d -o CMakeFiles/cmTC_f57a6.dir/CMakeCCompilerABI.c.o -c /usr/share/cmake-3.25/Modules/CMakeCCompilerABI.c
Debian clang version 14.0.6
Target: aarch64-unknown-linux-gnu
Thread model: posix
InstalledDir: /usr/bin
Found candidate GCC installation: /usr/bin/../lib/gcc/aarch64-linux-gnu/12
Selected GCC installation: /usr/bin/../lib/gcc/aarch64-linux-gnu/12
Candidate multilib: .;@m64
Selected multilib: .;@m64
 (in-process)
 "/usr/lib/llvm-14/bin/clang" -cc1 -triple aarch64-unknown-linux-gnu -emit-obj -mrelax-all --mrelax-relocations -disable-free -clear-ast-before-backend -disable-llvm-verifier -discard-value-names -main-file-name CMakeCCompilerABI.c -mrelocation-model pic -pic-level 2 -pic-is-pie -mframe-pointer=non-leaf -fmath-errno -ffp-contract=on -fno-rounding-math -mconstructor-aliases -funwind-tables=2 -target-cpu generic -target-feature +neon -target-feature +v8a -target-abi aapcs -fallow-half-arguments-and-returns -mllvm -treat-scalable-fixed-error-as-warning -debugger-tuning=gdb -v -fcoverage-compilation-dir=/home/admin/code/mylang/build/CMakeFiles/CMakeScratch/TryCompile-FgZku4 -resource-dir /usr/lib/llvm-14/lib/clang/14.0.6 -dependency-file CMakeFiles/cmTC_f57a6.dir/CMakeCCompilerABI.c.o.d -MT CMakeFiles/cmTC_f57a6.dir/CMakeCCompilerABI.c.o -sys-header-deps -internal-isystem /usr/lib/llvm-14/lib/clang/14.0.6/include -internal-isystem /usr/local/include -internal-isystem /usr/bin/../lib/gcc/aarch64-linux-gnu/12/../../../../aarch64-linux-gnu/include -internal-externc-isystem /usr/include/aarch64-linux-gnu -internal-externc-isystem /include -internal-externc-isystem /usr/include -fdebug-compilation-dir=/home/admin/code/mylang/build/CMakeFiles/CMakeScratch/TryCompile-FgZku4 -ferror-limit 19 -fno-signed-char -fgnuc-version=4.2.1 -target-feature +outline-atomics -faddrsig -D__GCC_HAVE_DWARF2_CFI_ASM=1 -o CMakeFiles/cmTC_f57a6.dir/CMakeCCompilerABI.c.o -x c /usr/share/cmake-3.25/Modules/CMakeCCompilerABI.c
clang -cc1 version 14.0.6 based upon LLVM 14.0.6 default target aarch64-unknown-linux-gnu
ignoring nonexistent directory "/usr/bin/../lib/gcc/aarch64-linux-gnu/12/../../../../aarch64-linux-gnu/include"
ignoring nonexistent directory "/include"
#include "..." search starts here:
#include <...> search starts here:
 /usr/lib/llvm-14/lib/clang/14.0.6/include
 /usr/local/include
 /usr/include/aarch64-linux-gnu
 /usr/include
End of search list.
Linking C executable cmTC_f57a6
/usr/bin/cmake -E cmake_link_script CMakeFiles/cmTC_f57a6.dir/link.txt --verbose=1
/usr/bin/clang  -v CMakeFiles/cmTC_f57a6.dir/CMakeCCompilerABI.c.o -o cmTC_f57a6 
Debian clang version 14.0.6
Target: aarch64-unknown-linux-gnu
Thread model: posix
InstalledDir: /usr/bin
Found candidate GCC installation: /usr/bin/../lib/gcc/aarch64-linux-gnu/12
Selected GCC installation: /usr/bin/../lib/gcc/aarch64-linux-gnu/12
Candidate multilib: .;@m64
Selected multilib: .;@m64
 "/usr/bin/ld" -pie -EL --hash-style=both --build-id --eh-frame-hdr -m aarch64linux -dynamic-linker /lib/ld-linux-aarch64.so.1 -o cmTC_f57a6 /lib/aarch64-linux-gnu/Scrt1.o /lib/aarch64-linux-gnu/crti.o /usr/bin/../lib/gcc/aarch64-linux-gnu/12/crtbeginS.o -L/usr/bin/../lib/gcc/aarch64-linux-gnu/12 -L/lib/aarch64-linux-gnu -L/usr/lib/aarch64-linux-gnu -L/lib -L/usr/lib CMakeFiles/cmTC_f57a6.dir/CMakeCCompilerABI.c.o -lgcc --as-needed -lgcc_s --no-as-needed -lc -lgcc --as-needed -lgcc_s --no-as-needed /usr/bin/../lib/gcc/aarch64-linux-gnu/12/crtendS.o /lib/aarch64-linux-gnu/crtn.o
gmake[1]: Leaving directory '/home/admin/code/mylang/build/CMakeFiles/CMakeScratch/TryCompile-FgZku4'



Parsed C implicit include dir info from above output: rv=done
  found start of include info
  found start of implicit include info
    add: [/usr/lib/llvm-14/lib/clang/14.0.6/include]
    add: [/usr/local/include]
    add: [/usr/include/aarch64-linux-gnu]
    add: [/usr/include]
  end of search list found
  collapse include dir [/usr/lib/llvm-14/lib/clang/14.0.6/include] ==> [/usr/lib/llvm-14/lib/clang/14.0.6/include]
  collapse include dir [/usr/local/include] ==> [/usr/local/include]
  collapse include dir [/usr/include/aarch64-linux-gnu] ==> [/usr/include/aarch64-linux-gnu]
  collapse include dir [/usr/include] ==> [/usr/include]
  implicit include dirs: [/usr/lib/llvm-14/lib/clang/14.0.6/include;/usr/local/include;/usr/include/aarch64-linux-gnu;/usr/include]


Parsed C implicit link information from above output:
  link line regex: [^( *|.*[/\])(ld|CMAKE_LINK_STARTFILE-NOTFOUND|([^/\]+-)?ld|collect2)[^/\]*( |$)]
  ignore line: [Change Dir: /home/admin/code/mylang/build/CMakeFiles/CMakeScratch/TryCompile-FgZku4]
  ignore line: []
  ignore line: [Run Build Command(s):/usr/bin/gmake -f Makefile cmTC_f57a6/fast && /usr/bin/gmake  -f CMakeFiles/cmTC_f57a6.dir/build.make CMakeFiles/cmTC_f57a6.dir/build]
  ignore line: [gmake[1]: Entering directory '/home/admin/code/mylang/build/CMakeFiles/CMakeScratch/TryCompile-FgZku4']
  ignore line: [Building C object CMakeFiles/cmTC_f57a6.dir/CMakeCCompilerABI.c.o]
  ignore line: [/usr/bin/clang   -v -MD -MT CMakeFiles/cmTC_f57a6.dir/CMakeCCompilerABI.c.o -MF CMakeFiles/cmTC_f57a6.dir/CMakeCCompilerABI.c.o.d -o CMakeFiles/cmTC_f57a6.dir/CMakeCCompilerABI.c.o -c /usr/share/cmake-3.25/Modules/CMakeCCompilerABI.c]
  ignore line: [Debian clang version 14.0.6]
  ignore line: [Target: aarch64-unknown-linux-gnu]
  ignore line: [Thread model: posix]
  ignore line: [InstalledDir: /usr/bin]
  ignore line: [Found candidate GCC installation: /usr/bin/../lib/gcc/aarch64-linux-gnu/12]
  ignore line: [Selected GCC installation: /usr/bin/../lib/gcc/aarch64-linux-gnu/12]
  ignore line: [Candidate multilib: .]
  ignore line: [@m64]
  ignore line: [Selected multilib: .]
  ignore line: [@m64]
  ignore line: [ (in-process)]
  ignore line: [ "/usr/lib/llvm-14/bin/clang" -cc1 -triple aarch64-unknown-linux-gnu -emit-obj -mrelax-all --mrelax-relocations -disable-free -clear-ast-before-backend -disable-llvm-verifier -discard-value-names -main-file-name CMakeCCompilerABI.c -mrelocation-model pic -pic-level 2 -pic-is-pie -mframe-pointer=non-leaf -fmath-errno -ffp-contract=on -fno-rounding-math -mconstructor-aliases -funwind-tables=2 -target-cpu generic -target-feature +neon -target-feature +v8a -target-abi aapcs -fallow-half-arguments-and-returns -mllvm -treat-scalable-fixed-error-as-warning -debugger-tuning=gdb -v -fcoverage-compilation-dir=/home/admin/code/mylang/build/CMakeFiles/CMakeScratch/TryCompile-FgZku4 -resource-dir /usr/lib/llvm-14/lib/clang/14.0.6 -dependency-file CMakeFiles/cmTC_f57a6.dir/CMakeCCompilerABI.c.o.d -MT CMakeFiles/cmTC_f57a6.dir/CMakeCCompilerABI.c.o -sys-header-deps -internal-isystem /usr/lib/llvm-14/lib/clang/14.0.6/include -internal-isystem /usr/local/include -internal-isystem /usr/bin/../lib/gcc/aarch64-linux-gnu/12/../../../../aarch64-linux-gnu/include -internal-externc-isystem /usr/include/aarch64-linux-gnu -internal-externc-isystem /include -internal-externc-isystem /usr/include -fdebug-compilation-dir=/home/admin/code/mylang/build/CMakeFiles/CMakeScratch/TryCompile-FgZku4 -ferror-limit 19 -fno-signed-char -fgnuc-version=4.2.1 -target-feature +outline-atomics -faddrsig -D__GCC_HAVE_DWARF2_CFI_ASM=1 -o CMakeFiles/cmTC_f57a6.dir/CMakeCCompilerABI.c.o -x c /usr/share/cmake-3.25/Modules/CMakeCCompilerABI.c]
  ignore line: [clang -cc1 version 14.0.6 based upon LLVM 14.0.6 default target aarch64-unknown-linux-gnu]
  ignore line: [ignoring nonexistent directory "/usr/bin/../lib/gcc/aarch64-linux-gnu/12/../../../../aarch64-linux-gnu/include"]
  ignore line: [ignoring nonexistent directory "/include"]
  ignore line: [#include "..." search starts here:]
  ignore line: [#include <...> search starts here:]
  ignore line: [ /usr/lib/llvm-14/lib/clang/14.0.6/include]
  ignore line: [ /usr/local/include]
  ignore line: [ /usr/include/aarch64-linux-gnu]
  ignore line: [ /usr/include]
  ignore line: [End of search list.]
  ignore line: [Linking C executable cmTC_f57a6]
  ignore line: [/usr/bin/cmake -E cmake_link_script CMakeFiles/cmTC_f57a6.dir/link.txt --verbose=1]
  ignore line: [/usr/bin/clang  -v CMakeFiles/cmTC_f57a6.dir/CMakeCCompilerABI.c.o -o cmTC_f57a6 ]
  ignore line: [Debian clang version 14.0.6]
  ignore line: [Target: aarch64-unknown-linux-gnu]
  ignore line: [Thread model: posix]
  ignore line: [InstalledDir: /usr/bin]
  ignore line: [Found candidate GCC installation: /usr/bin/../lib/gcc/aarch64-linux-gnu/12]
  ignore line: [Selected GCC installation: /usr/bin/../lib/gcc/aarch64-linux-gnu/12]
  ignore line: [Candidate multilib: .]
  ignore line: [@m64]
  ignore line: [Selected multilib: .]
  ignore line: [@m64]
  link line: [ "/usr/bin/ld" -pie -EL --hash-style=both --build-id --eh-frame-hdr -m aarch64linux -dynamic-linker /lib/ld-linux-aarch64.so.1 -o cmTC_f57a6 /lib/aarch64-linux-gnu/Scrt1.o /lib/aarch64-linux-gnu/crti.o /usr/bin/../lib/gcc/aarch64-linux-gnu/12/crtbeginS.o -L/usr/bin/../lib/gcc/aarch64-linux-gnu/12 -L/lib/aarch64-linux-gnu -L/usr/lib/aarch64-linux-gnu -L/lib -L/usr/lib CMakeFiles/cmTC_f57a6.dir/CMakeCCompilerABI.c.o -lgcc --as-needed -lgcc_s --no-as-needed -lc -lgcc --as-needed -lgcc_s --no-as-needed /usr/bin/../lib/gcc/aarch64-linux-gnu/12/crtendS.o /lib/aarch64-linux-gnu/crtn.o]
    arg [/usr/bin/ld] ==> ignore
    arg [-pie] ==> ignore
    arg [-EL] ==> ignore
    arg [--hash-style=both] ==> ignore
    arg [--build-id] ==> ignore
    arg [--eh-frame-hdr] ==> ignore
    arg [-m] ==> ignore
    arg [aarch64linux] ==> ignore
    arg [-dynamic-linker] ==> ignore
    arg [/lib/ld-linux-aarch64.so.1] ==> ignore
    arg [-o] ==> ignore
    arg [cmTC_f57a6] ==> ignore
    arg [/lib/aarch64-linux-gnu/Scrt1.o] ==> obj [/lib/aarch64-linux-gnu/Scrt1.o]
    arg [/lib/aarch64-linux-gnu/crti.o] ==> obj [/lib/aarch64-linux-gnu/crti.o]
    arg [/usr/bin/../lib/gcc/aarch64-linux-gnu/12/crtbeginS.o] ==> obj [/usr/bin/../lib/gcc/aarch64-linux-gnu/12/crtbeginS.o]
    arg [-L/usr/bin/../lib/gcc/aarch64-linux-gnu/12] ==> dir [/usr/bin/../lib/gcc/aarch64-linux-gnu/12]
    arg [-L/lib/aarch64-linux-gnu] ==> dir [/lib/aarch64-linux-gnu]
    arg [-L/usr/lib/aarch64-linux-gnu] ==> dir [/usr/lib/aarch64-linux-gnu]
    arg [-L/lib] ==> dir [/lib]
    arg [-L/usr/lib] ==> dir [/usr/lib]
    arg [CMakeFiles/cmTC_f57a6.dir/CMakeCCompilerABI.c.o] ==> ignore
    arg [-lgcc] ==> lib [gcc]
    arg [--as-needed] ==> ignore
    arg [-lgcc_s] ==> lib [gcc_s]
    arg [--no-as-needed] ==> ignore
    arg [-lc] ==> lib [c]
    arg [-lgcc] ==> lib [gcc]
    arg [--as-needed] ==> ignore
    arg [-lgcc_s] ==> lib [gcc_s]
    arg [--no-as-needed] ==> ignore
    arg [/usr/bin/../lib/gcc/aarch64-linux-gnu/12/crtendS.o] ==> obj [/usr/bin/../lib/gcc/aarch64-linux-gnu/12/crtendS.o]
    arg [/lib/aarch64-linux-gnu/crtn.o] ==> obj [/lib/aarch64-linux-gnu/crtn.o]
  collapse obj [/usr/bin/../lib/gcc/aarch64-linux-gnu/12/crtbeginS.o] ==> [/usr/lib/gcc/aarch64-linux-gnu/12/crtbeginS.o]
  collapse obj [/usr/bin/../lib/gcc/aarch64-linux-gnu/12/crtendS.o] ==> [/usr/lib/gcc/aarch64-linux-gnu/12/crtendS.o]
  collapse library dir [/usr/bin/../lib/gcc/aarch64-linux-gnu/12] ==> [/usr/lib/gcc/aarch64-linux-gnu/12]
  collapse library dir [/lib/aarch64-linux-gnu] ==> [/lib/aarch64-linux-gnu]
  collapse library dir [/usr/lib/aarch64-linux-gnu] ==> [/usr/lib/aarch64-linux-gnu]
  collapse library dir [/lib] ==> [/lib]
  collapse library dir [/usr/lib] ==> [/usr/lib]
  implicit libs: [gcc;gcc_s;c;gcc;gcc_s]
  implicit objs: [/lib/aarch64-linux-gnu/Scrt1.o;/lib/aarch64-linux-gnu/crti.o;/usr/lib/gcc/aarch64-linux-gnu/12/crtbeginS.o;/usr/lib/gcc/aarch64-linux-gnu/12/crtendS.o;/lib/aarch64-linux-gnu/crtn.o]
  implicit dirs: [/usr/lib/gcc/aarch64-linux-gnu/12;/lib/aarch64-linux-gnu;/usr/lib/aarch64-linux-gnu;/lib;/usr/lib]
  implicit fwks: []


